<?xml version="1.0" encoding="UTF-8"?>
<testsuite xmlns:xsi="http://www.w3.org/2001/XMLSchema-instance" xsi:noNamespaceSchemaLocation="https://maven.apache.org/surefire/maven-surefire-plugin/xsd/surefire-test-report.xsd" name="MyTest" time="0.098" tests="31" errors="0" skipped="0" failures="0">
  <properties>
[...]
</properties>
  <testcase name="testDeckValue2" classname="MyTest" time="0.026"/>
  <testcase name="testDeckValue3" classname="MyTest" time="0"/>
  <testcase name="testDeckConstruct" classname="MyTest" time="0"/>
  <testcase name="testLogicHigh" classname="MyTest" time="0.004"/>
  <testcase name="testLogicPair" classname="MyTest" time="0.001"/>
  <testcase name="testPPWinnings" classname="MyTest" time="0.002"/>
  <testcase name="testPPWinnings2" classname="MyTest" time="0.001"/>
  <testcase name="testPPWinnings3" classname="MyTest" time="0.001"/>
  <testcase name="testPPWinnings4" classname="MyTest" time="0.001"/>
  <testcase name="testPPWinnings5" classname="MyTest" time="0.001"/>
  <testcase name="testPPWinnings6" classname="MyTest" time="0"/>
  <testcase name="testDealnewDeck" classname="MyTest" time="0"/>
  <testcase name="testDealCardAmountConstruct" classname="MyTest" time="0"/>
  <testcase name="testnewDeck" classname="MyTest" time="0"/>
  <testcase name="testCompare2" classname="MyTest" time="0.001"/>
  <testcase name="testCompare3" classname="MyTest" time="0.001"/>
  <testcase name="testCompare4" classname="MyTest" time="0.001"/>
  <testcase name="testCompare5" classname="MyTest" time="0.001"/>
  <testcase name="testCompare6" classname="MyTest" time="0"/>
  <testcase name="testCompare7" classname="MyTest" time="0"/>
  <testcase name="testCompare8" classname="MyTest" time="0.001"/>
  <testcase name="testCompare" classname="MyTest" time="0"/>
  <testcase name="testEvalHigh" classname="MyTest" time="0.001"/>
  <testcase name="testDeckSuit2" classname="MyTest" time="0.001"/>
  <testcase name="testDeckValue" classname="MyTest" time="0"/>
  <testcase name="testLogicStrFlush" classname="MyTest" time="0"/>
  <testcase name="testLogicStraight" classname="MyTest" time="0.001"/>
  <testcase name="testDealHand" classname="MyTest" time="0.001"/>
  <testcase name="testDeckSuit" classname="MyTest" time="0.001"/>
  <testcase name="testLogicFlush" classname="MyTest" time="0"/>
  <testcase name="testLogicThree" classname="MyTest" time="0"/>
</testsuite>